<?xml version="1.0" encoding="UTF-8"?>
<!-- Generated by org.testng.reporters.JUnitReportReporter -->
<testsuite hostname="Hardik-33H6983" failures="0" tests="1" name="Testcases.chechoutcase" time="0.774" errors="0" timestamp="2025-07-08T18:45:56 IST" skipped="0">
  <testcase classname="Testcases.chechoutcase" name="checkingout" time="0.774"/>
</testsuite> <!-- Testcases.chechoutcase -->
