<?xml version="1.0" encoding="UTF-8"?>
<!-- Generated by org.testng.reporters.JUnitReportReporter -->
<testsuite hostname="Hardik-33H6983" failures="0" tests="1" name="Testcases.carttestcase" time="2.377" errors="0" timestamp="2025-07-08T12:08:03 IST" skipped="0">
  <testcase classname="Testcases.carttestcase" name="cartcases" time="2.377"/>
</testsuite> <!-- Testcases.carttestcase -->
