<?xml version="1.0" encoding="UTF-8"?>
<!-- Generated by org.testng.reporters.JUnitReportReporter -->
<testsuite hostname="Hardik-33H6983" failures="0" tests="1" name="Testcases.logintestcase" time="3.521" errors="0" timestamp="2025-07-09T12:46:53 IST" skipped="0">
  <testcase classname="Testcases.logintestcase" name="loggingin" time="3.521"/>
</testsuite> <!-- Testcases.logintestcase -->
