<?xml version="1.0" encoding="UTF-8"?>
<!-- Generated by org.testng.reporters.JUnitReportReporter -->
<testsuite hostname="Hardik-33H6983" failures="0" tests="1" name="Testcases.dashboardtest" time="0.215" errors="0" timestamp="2025-07-07T18:33:29 IST" skipped="0">
  <testcase classname="Testcases.dashboardtest" name="dashboard" time="0.215"/>
</testsuite> <!-- Testcases.dashboardtest -->
